2012/08/29 15:01:31 [error] [system.db.CDbCommand] CDbCommand::fetchAll() failed: SQLSTATE[42S02]: Base table or view not found: 1146 Table 'trackstar_dev.project' doesn't exist. The SQL statement executed was: SHOW COLUMNS FROM `project`.
in C:\wamp\www\trackstar\index.php (13)
2012/08/29 15:02:18 [error] [system.db.CDbCommand] CDbCommand::fetchAll() failed: SQLSTATE[42S02]: Base table or view not found: 1146 Table 'trackstar_dev.project' doesn't exist. The SQL statement executed was: SHOW COLUMNS FROM `project`.
in C:\wamp\www\trackstar\index.php (13)
2012/08/29 16:20:18 [error] [exception.CHttpException.403] exception 'CHttpException' with message 'You are not authorized to perform this action.' in C:\wamp\www\libs\yii\framework\web\auth\CAccessControlFilter.php:170
Stack trace:
#0 C:\wamp\www\libs\yii\framework\web\auth\CAccessControlFilter.php(133): CAccessControlFilter->accessDenied(Object(CWebUser), 'You are not aut...')
#1 C:\wamp\www\libs\yii\framework\web\filters\CFilter.php(39): CAccessControlFilter->preFilter(Object(CFilterChain))
#2 C:\wamp\www\libs\yii\framework\web\CController.php(1146): CFilter->filter(Object(CFilterChain))
#3 C:\wamp\www\libs\yii\framework\web\filters\CInlineFilter.php(59): CController->filterAccessControl(Object(CFilterChain))
#4 C:\wamp\www\libs\yii\framework\web\filters\CFilterChain.php(131): CInlineFilter->filter(Object(CFilterChain))
#5 C:\wamp\www\libs\yii\framework\web\CController.php(292): CFilterChain->run()
#6 C:\wamp\www\libs\yii\framework\web\CController.php(266): CController->runActionWithFilters(Object(CInlineAction), Array)
#7 C:\wamp\www\libs\yii\framework\web\CWebApplication.php(283): CController->run('admin')
#8 C:\wamp\www\libs\yii\framework\web\CWebApplication.php(142): CWebApplication->runController('project/admin')
#9 C:\wamp\www\libs\yii\framework\base\CApplication.php(162): CWebApplication->processRequest()
#10 C:\wamp\www\trackstar\index.php(13): CApplication->run()
#11 {main}
REQUEST_URI=/trackstar/index.php?r=project/admin
HTTP_REFERER=http://localhost/trackstar/index.php?r=project/create
---
